INFO  09:11:54 Application started. Press Ctrl+C to shut down.
INFO  09:11:54 Application started. Press Ctrl+C to shut down.
INFO  09:11:54 Hosting environment: Development
INFO  09:11:54 Hosting environment: Development
INFO  09:11:54 Content root path: C:\Users\Saurav\source\repos\claimmicroservice\claimmicroservice
INFO  09:11:54 Content root path: C:\Users\Saurav\source\repos\claimmicroservice\claimmicroservice
INFO  09:39:30 Application started. Press Ctrl+C to shut down.
INFO  09:39:30 Application started. Press Ctrl+C to shut down.
INFO  09:39:30 Hosting environment: Development
INFO  09:39:30 Hosting environment: Development
INFO  09:39:30 Content root path: C:\Users\Saurav\source\repos\claimmicroservice\claimmicroservice
INFO  09:39:30 Content root path: C:\Users\Saurav\source\repos\claimmicroservice\claimmicroservice
INFO  10:18:17 Application started. Press Ctrl+C to shut down.
INFO  10:18:17 Application started. Press Ctrl+C to shut down.
INFO  10:18:17 Hosting environment: Development
INFO  10:18:17 Hosting environment: Development
INFO  10:18:17 Content root path: C:\Users\Saurav\source\repos\claimmicroservice\claimmicroservice
INFO  10:18:17 Content root path: C:\Users\Saurav\source\repos\claimmicroservice\claimmicroservice
INFO  10:22:51 Application started. Press Ctrl+C to shut down.
INFO  10:22:52 Application started. Press Ctrl+C to shut down.
INFO  10:22:52 Hosting environment: Development
INFO  10:22:52 Hosting environment: Development
INFO  10:22:52 Content root path: C:\Users\Saurav\source\repos\claimmicroservice\claimmicroservice
INFO  10:22:52 Content root path: C:\Users\Saurav\source\repos\claimmicroservice\claimmicroservice
INFO  07:55:42 Application started. Press Ctrl+C to shut down.
INFO  07:55:42 Application started. Press Ctrl+C to shut down.
INFO  07:55:42 Hosting environment: Development
INFO  07:55:42 Hosting environment: Development
INFO  07:55:42 Content root path: C:\Users\Saurav\source\repos\claimmicroservice\claimmicroservice
INFO  07:55:42 Content root path: C:\Users\Saurav\source\repos\claimmicroservice\claimmicroservice
ERROR 07:56:12 An unhandled exception has occurred while executing the request.
System.InvalidOperationException: Multiple constructors accepting all given argument types have been found in type 'claimmicroservice.Controllers.claimController'. There should only be one applicable constructor.
   at Microsoft.Extensions.DependencyInjection.ActivatorUtilities.TryFindMatchingConstructor(Type instanceType, Type[] argumentTypes, ConstructorInfo& matchingConstructor, Nullable`1[]& parameterMap)
   at Microsoft.Extensions.DependencyInjection.ActivatorUtilities.FindApplicableConstructor(Type instanceType, Type[] argumentTypes, ConstructorInfo& matchingConstructor, Nullable`1[]& parameterMap)
   at Microsoft.Extensions.DependencyInjection.ActivatorUtilities.CreateFactory(Type instanceType, Type[] argumentTypes)
   at Microsoft.AspNetCore.Mvc.Controllers.ControllerActivatorProvider.CreateActivator(ControllerActionDescriptor descriptor)
   at Microsoft.AspNetCore.Mvc.Controllers.ControllerFactoryProvider.CreateControllerFactory(ControllerActionDescriptor descriptor)
   at Microsoft.AspNetCore.Mvc.Infrastructure.ControllerActionInvokerCache.GetCachedResult(ControllerContext controllerContext)
   at Microsoft.AspNetCore.Mvc.Infrastructure.ControllerActionInvokerProvider.OnProvidersExecuting(ActionInvokerProviderContext context)
   at Microsoft.AspNetCore.Mvc.Infrastructure.ActionInvokerFactory.CreateInvoker(ActionContext actionContext)
   at Microsoft.AspNetCore.Mvc.Routing.ActionEndpointFactory.<>c__DisplayClass7_0.<CreateRequestDelegate>b__0(HttpContext context)
   at Microsoft.AspNetCore.Routing.EndpointMiddleware.Invoke(HttpContext httpContext)
--- End of stack trace from previous location where exception was thrown ---
   at Microsoft.AspNetCore.Authorization.AuthorizationMiddleware.Invoke(HttpContext context)
   at Swashbuckle.AspNetCore.SwaggerUI.SwaggerUIMiddleware.Invoke(HttpContext httpContext)
   at Swashbuckle.AspNetCore.Swagger.SwaggerMiddleware.Invoke(HttpContext httpContext, ISwaggerProvider swaggerProvider)
   at Microsoft.AspNetCore.Diagnostics.DeveloperExceptionPageMiddleware.Invoke(HttpContext context)
ERROR 07:56:12 An unhandled exception has occurred while executing the request.
System.InvalidOperationException: Multiple constructors accepting all given argument types have been found in type 'claimmicroservice.Controllers.claimController'. There should only be one applicable constructor.
   at Microsoft.Extensions.DependencyInjection.ActivatorUtilities.TryFindMatchingConstructor(Type instanceType, Type[] argumentTypes, ConstructorInfo& matchingConstructor, Nullable`1[]& parameterMap)
   at Microsoft.Extensions.DependencyInjection.ActivatorUtilities.FindApplicableConstructor(Type instanceType, Type[] argumentTypes, ConstructorInfo& matchingConstructor, Nullable`1[]& parameterMap)
   at Microsoft.Extensions.DependencyInjection.ActivatorUtilities.CreateFactory(Type instanceType, Type[] argumentTypes)
   at Microsoft.AspNetCore.Mvc.Controllers.ControllerActivatorProvider.CreateActivator(ControllerActionDescriptor descriptor)
   at Microsoft.AspNetCore.Mvc.Controllers.ControllerFactoryProvider.CreateControllerFactory(ControllerActionDescriptor descriptor)
   at Microsoft.AspNetCore.Mvc.Infrastructure.ControllerActionInvokerCache.GetCachedResult(ControllerContext controllerContext)
   at Microsoft.AspNetCore.Mvc.Infrastructure.ControllerActionInvokerProvider.OnProvidersExecuting(ActionInvokerProviderContext context)
   at Microsoft.AspNetCore.Mvc.Infrastructure.ActionInvokerFactory.CreateInvoker(ActionContext actionContext)
   at Microsoft.AspNetCore.Mvc.Routing.ActionEndpointFactory.<>c__DisplayClass7_0.<CreateRequestDelegate>b__0(HttpContext context)
   at Microsoft.AspNetCore.Routing.EndpointMiddleware.Invoke(HttpContext httpContext)
--- End of stack trace from previous location where exception was thrown ---
   at Microsoft.AspNetCore.Authorization.AuthorizationMiddleware.Invoke(HttpContext context)
   at Swashbuckle.AspNetCore.SwaggerUI.SwaggerUIMiddleware.Invoke(HttpContext httpContext)
   at Swashbuckle.AspNetCore.Swagger.SwaggerMiddleware.Invoke(HttpContext httpContext, ISwaggerProvider swaggerProvider)
   at Microsoft.AspNetCore.Diagnostics.DeveloperExceptionPageMiddleware.Invoke(HttpContext context)
INFO  08:02:37 Application started. Press Ctrl+C to shut down.
INFO  08:02:37 Application started. Press Ctrl+C to shut down.
INFO  08:02:37 Hosting environment: Development
INFO  08:02:37 Hosting environment: Development
INFO  08:02:37 Content root path: C:\Users\Saurav\source\repos\claimmicroservice\claimmicroservice
INFO  08:02:37 Content root path: C:\Users\Saurav\source\repos\claimmicroservice\claimmicroservice
ERROR 08:02:53 An unhandled exception has occurred while executing the request.
System.InvalidOperationException: Multiple constructors accepting all given argument types have been found in type 'claimmicroservice.Controllers.claimController'. There should only be one applicable constructor.
   at Microsoft.Extensions.DependencyInjection.ActivatorUtilities.TryFindMatchingConstructor(Type instanceType, Type[] argumentTypes, ConstructorInfo& matchingConstructor, Nullable`1[]& parameterMap)
   at Microsoft.Extensions.DependencyInjection.ActivatorUtilities.FindApplicableConstructor(Type instanceType, Type[] argumentTypes, ConstructorInfo& matchingConstructor, Nullable`1[]& parameterMap)
   at Microsoft.Extensions.DependencyInjection.ActivatorUtilities.CreateFactory(Type instanceType, Type[] argumentTypes)
   at Microsoft.AspNetCore.Mvc.Controllers.ControllerActivatorProvider.CreateActivator(ControllerActionDescriptor descriptor)
   at Microsoft.AspNetCore.Mvc.Controllers.ControllerFactoryProvider.CreateControllerFactory(ControllerActionDescriptor descriptor)
   at Microsoft.AspNetCore.Mvc.Infrastructure.ControllerActionInvokerCache.GetCachedResult(ControllerContext controllerContext)
   at Microsoft.AspNetCore.Mvc.Infrastructure.ControllerActionInvokerProvider.OnProvidersExecuting(ActionInvokerProviderContext context)
   at Microsoft.AspNetCore.Mvc.Infrastructure.ActionInvokerFactory.CreateInvoker(ActionContext actionContext)
   at Microsoft.AspNetCore.Mvc.Routing.ActionEndpointFactory.<>c__DisplayClass7_0.<CreateRequestDelegate>b__0(HttpContext context)
   at Microsoft.AspNetCore.Routing.EndpointMiddleware.Invoke(HttpContext httpContext)
--- End of stack trace from previous location where exception was thrown ---
   at Microsoft.AspNetCore.Authorization.AuthorizationMiddleware.Invoke(HttpContext context)
   at Swashbuckle.AspNetCore.SwaggerUI.SwaggerUIMiddleware.Invoke(HttpContext httpContext)
   at Swashbuckle.AspNetCore.Swagger.SwaggerMiddleware.Invoke(HttpContext httpContext, ISwaggerProvider swaggerProvider)
   at Microsoft.AspNetCore.Diagnostics.DeveloperExceptionPageMiddleware.Invoke(HttpContext context)
ERROR 08:02:53 An unhandled exception has occurred while executing the request.
System.InvalidOperationException: Multiple constructors accepting all given argument types have been found in type 'claimmicroservice.Controllers.claimController'. There should only be one applicable constructor.
   at Microsoft.Extensions.DependencyInjection.ActivatorUtilities.TryFindMatchingConstructor(Type instanceType, Type[] argumentTypes, ConstructorInfo& matchingConstructor, Nullable`1[]& parameterMap)
   at Microsoft.Extensions.DependencyInjection.ActivatorUtilities.FindApplicableConstructor(Type instanceType, Type[] argumentTypes, ConstructorInfo& matchingConstructor, Nullable`1[]& parameterMap)
   at Microsoft.Extensions.DependencyInjection.ActivatorUtilities.CreateFactory(Type instanceType, Type[] argumentTypes)
   at Microsoft.AspNetCore.Mvc.Controllers.ControllerActivatorProvider.CreateActivator(ControllerActionDescriptor descriptor)
   at Microsoft.AspNetCore.Mvc.Controllers.ControllerFactoryProvider.CreateControllerFactory(ControllerActionDescriptor descriptor)
   at Microsoft.AspNetCore.Mvc.Infrastructure.ControllerActionInvokerCache.GetCachedResult(ControllerContext controllerContext)
   at Microsoft.AspNetCore.Mvc.Infrastructure.ControllerActionInvokerProvider.OnProvidersExecuting(ActionInvokerProviderContext context)
   at Microsoft.AspNetCore.Mvc.Infrastructure.ActionInvokerFactory.CreateInvoker(ActionContext actionContext)
   at Microsoft.AspNetCore.Mvc.Routing.ActionEndpointFactory.<>c__DisplayClass7_0.<CreateRequestDelegate>b__0(HttpContext context)
   at Microsoft.AspNetCore.Routing.EndpointMiddleware.Invoke(HttpContext httpContext)
--- End of stack trace from previous location where exception was thrown ---
   at Microsoft.AspNetCore.Authorization.AuthorizationMiddleware.Invoke(HttpContext context)
   at Swashbuckle.AspNetCore.SwaggerUI.SwaggerUIMiddleware.Invoke(HttpContext httpContext)
   at Swashbuckle.AspNetCore.Swagger.SwaggerMiddleware.Invoke(HttpContext httpContext, ISwaggerProvider swaggerProvider)
   at Microsoft.AspNetCore.Diagnostics.DeveloperExceptionPageMiddleware.Invoke(HttpContext context)
INFO  08:04:37 Application started. Press Ctrl+C to shut down.
INFO  08:04:37 Application started. Press Ctrl+C to shut down.
INFO  08:04:37 Hosting environment: Development
INFO  08:04:37 Hosting environment: Development
INFO  08:04:37 Content root path: C:\Users\Saurav\source\repos\claimmicroservice\claimmicroservice
INFO  08:04:37 Content root path: C:\Users\Saurav\source\repos\claimmicroservice\claimmicroservice
INFO  08:04:50 claimController get called
INFO  08:09:09 Application started. Press Ctrl+C to shut down.
INFO  08:09:09 Application started. Press Ctrl+C to shut down.
INFO  08:09:09 Hosting environment: Development
INFO  08:09:09 Hosting environment: Development
INFO  08:09:09 Content root path: C:\Users\Saurav\source\repos\claimmicroservice\claimmicroservice
INFO  08:09:09 Content root path: C:\Users\Saurav\source\repos\claimmicroservice\claimmicroservice
INFO  08:09:20 claimController get called
INFO  12:12:24 Application started. Press Ctrl+C to shut down.
INFO  12:12:24 Application started. Press Ctrl+C to shut down.
INFO  12:12:24 Hosting environment: Development
INFO  12:12:24 Hosting environment: Development
INFO  12:12:24 Content root path: C:\Users\Saurav\source\repos\claimmicroservice\claimmicroservice
INFO  12:12:24 Content root path: C:\Users\Saurav\source\repos\claimmicroservice\claimmicroservice
INFO  12:13:01 claimController get called
INFO  09:22:31 Application started. Press Ctrl+C to shut down.
INFO  09:22:31 Application started. Press Ctrl+C to shut down.
INFO  09:22:31 Hosting environment: Development
INFO  09:22:31 Hosting environment: Development
INFO  09:22:31 Content root path: C:\Users\Saurav\source\repos\claimmicroservice\claimmicroservice
INFO  09:22:31 Content root path: C:\Users\Saurav\source\repos\claimmicroservice\claimmicroservice
ERROR 09:23:52 An unhandled exception has occurred while executing the request.
System.InvalidOperationException: Multiple constructors accepting all given argument types have been found in type 'claimmicroservice.Controllers.claimController'. There should only be one applicable constructor.
   at Microsoft.Extensions.DependencyInjection.ActivatorUtilities.TryFindMatchingConstructor(Type instanceType, Type[] argumentTypes, ConstructorInfo& matchingConstructor, Nullable`1[]& parameterMap)
   at Microsoft.Extensions.DependencyInjection.ActivatorUtilities.FindApplicableConstructor(Type instanceType, Type[] argumentTypes, ConstructorInfo& matchingConstructor, Nullable`1[]& parameterMap)
   at Microsoft.Extensions.DependencyInjection.ActivatorUtilities.CreateFactory(Type instanceType, Type[] argumentTypes)
   at Microsoft.AspNetCore.Mvc.Controllers.ControllerActivatorProvider.CreateActivator(ControllerActionDescriptor descriptor)
   at Microsoft.AspNetCore.Mvc.Controllers.ControllerFactoryProvider.CreateControllerFactory(ControllerActionDescriptor descriptor)
   at Microsoft.AspNetCore.Mvc.Infrastructure.ControllerActionInvokerCache.GetCachedResult(ControllerContext controllerContext)
   at Microsoft.AspNetCore.Mvc.Infrastructure.ControllerActionInvokerProvider.OnProvidersExecuting(ActionInvokerProviderContext context)
   at Microsoft.AspNetCore.Mvc.Infrastructure.ActionInvokerFactory.CreateInvoker(ActionContext actionContext)
   at Microsoft.AspNetCore.Mvc.Routing.ActionEndpointFactory.<>c__DisplayClass7_0.<CreateRequestDelegate>b__0(HttpContext context)
   at Microsoft.AspNetCore.Routing.EndpointMiddleware.Invoke(HttpContext httpContext)
--- End of stack trace from previous location where exception was thrown ---
   at Microsoft.AspNetCore.Authorization.AuthorizationMiddleware.Invoke(HttpContext context)
   at Swashbuckle.AspNetCore.SwaggerUI.SwaggerUIMiddleware.Invoke(HttpContext httpContext)
   at Swashbuckle.AspNetCore.Swagger.SwaggerMiddleware.Invoke(HttpContext httpContext, ISwaggerProvider swaggerProvider)
   at Microsoft.AspNetCore.Diagnostics.DeveloperExceptionPageMiddleware.Invoke(HttpContext context)
ERROR 09:23:52 An unhandled exception has occurred while executing the request.
System.InvalidOperationException: Multiple constructors accepting all given argument types have been found in type 'claimmicroservice.Controllers.claimController'. There should only be one applicable constructor.
   at Microsoft.Extensions.DependencyInjection.ActivatorUtilities.TryFindMatchingConstructor(Type instanceType, Type[] argumentTypes, ConstructorInfo& matchingConstructor, Nullable`1[]& parameterMap)
   at Microsoft.Extensions.DependencyInjection.ActivatorUtilities.FindApplicableConstructor(Type instanceType, Type[] argumentTypes, ConstructorInfo& matchingConstructor, Nullable`1[]& parameterMap)
   at Microsoft.Extensions.DependencyInjection.ActivatorUtilities.CreateFactory(Type instanceType, Type[] argumentTypes)
   at Microsoft.AspNetCore.Mvc.Controllers.ControllerActivatorProvider.CreateActivator(ControllerActionDescriptor descriptor)
   at Microsoft.AspNetCore.Mvc.Controllers.ControllerFactoryProvider.CreateControllerFactory(ControllerActionDescriptor descriptor)
   at Microsoft.AspNetCore.Mvc.Infrastructure.ControllerActionInvokerCache.GetCachedResult(ControllerContext controllerContext)
   at Microsoft.AspNetCore.Mvc.Infrastructure.ControllerActionInvokerProvider.OnProvidersExecuting(ActionInvokerProviderContext context)
   at Microsoft.AspNetCore.Mvc.Infrastructure.ActionInvokerFactory.CreateInvoker(ActionContext actionContext)
   at Microsoft.AspNetCore.Mvc.Routing.ActionEndpointFactory.<>c__DisplayClass7_0.<CreateRequestDelegate>b__0(HttpContext context)
   at Microsoft.AspNetCore.Routing.EndpointMiddleware.Invoke(HttpContext httpContext)
--- End of stack trace from previous location where exception was thrown ---
   at Microsoft.AspNetCore.Authorization.AuthorizationMiddleware.Invoke(HttpContext context)
   at Swashbuckle.AspNetCore.SwaggerUI.SwaggerUIMiddleware.Invoke(HttpContext httpContext)
   at Swashbuckle.AspNetCore.Swagger.SwaggerMiddleware.Invoke(HttpContext httpContext, ISwaggerProvider swaggerProvider)
   at Microsoft.AspNetCore.Diagnostics.DeveloperExceptionPageMiddleware.Invoke(HttpContext context)
ERROR 09:24:24 An unhandled exception has occurred while executing the request.
System.InvalidOperationException: Multiple constructors accepting all given argument types have been found in type 'claimmicroservice.Controllers.claimController'. There should only be one applicable constructor.
   at Microsoft.Extensions.DependencyInjection.ActivatorUtilities.TryFindMatchingConstructor(Type instanceType, Type[] argumentTypes, ConstructorInfo& matchingConstructor, Nullable`1[]& parameterMap)
   at Microsoft.Extensions.DependencyInjection.ActivatorUtilities.FindApplicableConstructor(Type instanceType, Type[] argumentTypes, ConstructorInfo& matchingConstructor, Nullable`1[]& parameterMap)
   at Microsoft.Extensions.DependencyInjection.ActivatorUtilities.CreateFactory(Type instanceType, Type[] argumentTypes)
   at Microsoft.AspNetCore.Mvc.Controllers.ControllerActivatorProvider.CreateActivator(ControllerActionDescriptor descriptor)
   at Microsoft.AspNetCore.Mvc.Controllers.ControllerFactoryProvider.CreateControllerFactory(ControllerActionDescriptor descriptor)
   at Microsoft.AspNetCore.Mvc.Infrastructure.ControllerActionInvokerCache.GetCachedResult(ControllerContext controllerContext)
   at Microsoft.AspNetCore.Mvc.Infrastructure.ControllerActionInvokerProvider.OnProvidersExecuting(ActionInvokerProviderContext context)
   at Microsoft.AspNetCore.Mvc.Infrastructure.ActionInvokerFactory.CreateInvoker(ActionContext actionContext)
   at Microsoft.AspNetCore.Mvc.Routing.ActionEndpointFactory.<>c__DisplayClass7_0.<CreateRequestDelegate>b__0(HttpContext context)
   at Microsoft.AspNetCore.Routing.EndpointMiddleware.Invoke(HttpContext httpContext)
--- End of stack trace from previous location where exception was thrown ---
   at Microsoft.AspNetCore.Authorization.AuthorizationMiddleware.Invoke(HttpContext context)
   at Swashbuckle.AspNetCore.SwaggerUI.SwaggerUIMiddleware.Invoke(HttpContext httpContext)
   at Swashbuckle.AspNetCore.Swagger.SwaggerMiddleware.Invoke(HttpContext httpContext, ISwaggerProvider swaggerProvider)
   at Microsoft.AspNetCore.Diagnostics.DeveloperExceptionPageMiddleware.Invoke(HttpContext context)
ERROR 09:24:24 An unhandled exception has occurred while executing the request.
System.InvalidOperationException: Multiple constructors accepting all given argument types have been found in type 'claimmicroservice.Controllers.claimController'. There should only be one applicable constructor.
   at Microsoft.Extensions.DependencyInjection.ActivatorUtilities.TryFindMatchingConstructor(Type instanceType, Type[] argumentTypes, ConstructorInfo& matchingConstructor, Nullable`1[]& parameterMap)
   at Microsoft.Extensions.DependencyInjection.ActivatorUtilities.FindApplicableConstructor(Type instanceType, Type[] argumentTypes, ConstructorInfo& matchingConstructor, Nullable`1[]& parameterMap)
   at Microsoft.Extensions.DependencyInjection.ActivatorUtilities.CreateFactory(Type instanceType, Type[] argumentTypes)
   at Microsoft.AspNetCore.Mvc.Controllers.ControllerActivatorProvider.CreateActivator(ControllerActionDescriptor descriptor)
   at Microsoft.AspNetCore.Mvc.Controllers.ControllerFactoryProvider.CreateControllerFactory(ControllerActionDescriptor descriptor)
   at Microsoft.AspNetCore.Mvc.Infrastructure.ControllerActionInvokerCache.GetCachedResult(ControllerContext controllerContext)
   at Microsoft.AspNetCore.Mvc.Infrastructure.ControllerActionInvokerProvider.OnProvidersExecuting(ActionInvokerProviderContext context)
   at Microsoft.AspNetCore.Mvc.Infrastructure.ActionInvokerFactory.CreateInvoker(ActionContext actionContext)
   at Microsoft.AspNetCore.Mvc.Routing.ActionEndpointFactory.<>c__DisplayClass7_0.<CreateRequestDelegate>b__0(HttpContext context)
   at Microsoft.AspNetCore.Routing.EndpointMiddleware.Invoke(HttpContext httpContext)
--- End of stack trace from previous location where exception was thrown ---
   at Microsoft.AspNetCore.Authorization.AuthorizationMiddleware.Invoke(HttpContext context)
   at Swashbuckle.AspNetCore.SwaggerUI.SwaggerUIMiddleware.Invoke(HttpContext httpContext)
   at Swashbuckle.AspNetCore.Swagger.SwaggerMiddleware.Invoke(HttpContext httpContext, ISwaggerProvider swaggerProvider)
   at Microsoft.AspNetCore.Diagnostics.DeveloperExceptionPageMiddleware.Invoke(HttpContext context)
ERROR 09:24:49 An unhandled exception has occurred while executing the request.
System.InvalidOperationException: Multiple constructors accepting all given argument types have been found in type 'claimmicroservice.Controllers.claimController'. There should only be one applicable constructor.
   at Microsoft.Extensions.DependencyInjection.ActivatorUtilities.TryFindMatchingConstructor(Type instanceType, Type[] argumentTypes, ConstructorInfo& matchingConstructor, Nullable`1[]& parameterMap)
   at Microsoft.Extensions.DependencyInjection.ActivatorUtilities.FindApplicableConstructor(Type instanceType, Type[] argumentTypes, ConstructorInfo& matchingConstructor, Nullable`1[]& parameterMap)
   at Microsoft.Extensions.DependencyInjection.ActivatorUtilities.CreateFactory(Type instanceType, Type[] argumentTypes)
   at Microsoft.AspNetCore.Mvc.Controllers.ControllerActivatorProvider.CreateActivator(ControllerActionDescriptor descriptor)
   at Microsoft.AspNetCore.Mvc.Controllers.ControllerFactoryProvider.CreateControllerFactory(ControllerActionDescriptor descriptor)
   at Microsoft.AspNetCore.Mvc.Infrastructure.ControllerActionInvokerCache.GetCachedResult(ControllerContext controllerContext)
   at Microsoft.AspNetCore.Mvc.Infrastructure.ControllerActionInvokerProvider.OnProvidersExecuting(ActionInvokerProviderContext context)
   at Microsoft.AspNetCore.Mvc.Infrastructure.ActionInvokerFactory.CreateInvoker(ActionContext actionContext)
   at Microsoft.AspNetCore.Mvc.Routing.ActionEndpointFactory.<>c__DisplayClass7_0.<CreateRequestDelegate>b__0(HttpContext context)
   at Microsoft.AspNetCore.Routing.EndpointMiddleware.Invoke(HttpContext httpContext)
--- End of stack trace from previous location where exception was thrown ---
   at Microsoft.AspNetCore.Authorization.AuthorizationMiddleware.Invoke(HttpContext context)
   at Swashbuckle.AspNetCore.SwaggerUI.SwaggerUIMiddleware.Invoke(HttpContext httpContext)
   at Swashbuckle.AspNetCore.Swagger.SwaggerMiddleware.Invoke(HttpContext httpContext, ISwaggerProvider swaggerProvider)
   at Microsoft.AspNetCore.Diagnostics.DeveloperExceptionPageMiddleware.Invoke(HttpContext context)
ERROR 09:24:49 An unhandled exception has occurred while executing the request.
System.InvalidOperationException: Multiple constructors accepting all given argument types have been found in type 'claimmicroservice.Controllers.claimController'. There should only be one applicable constructor.
   at Microsoft.Extensions.DependencyInjection.ActivatorUtilities.TryFindMatchingConstructor(Type instanceType, Type[] argumentTypes, ConstructorInfo& matchingConstructor, Nullable`1[]& parameterMap)
   at Microsoft.Extensions.DependencyInjection.ActivatorUtilities.FindApplicableConstructor(Type instanceType, Type[] argumentTypes, ConstructorInfo& matchingConstructor, Nullable`1[]& parameterMap)
   at Microsoft.Extensions.DependencyInjection.ActivatorUtilities.CreateFactory(Type instanceType, Type[] argumentTypes)
   at Microsoft.AspNetCore.Mvc.Controllers.ControllerActivatorProvider.CreateActivator(ControllerActionDescriptor descriptor)
   at Microsoft.AspNetCore.Mvc.Controllers.ControllerFactoryProvider.CreateControllerFactory(ControllerActionDescriptor descriptor)
   at Microsoft.AspNetCore.Mvc.Infrastructure.ControllerActionInvokerCache.GetCachedResult(ControllerContext controllerContext)
   at Microsoft.AspNetCore.Mvc.Infrastructure.ControllerActionInvokerProvider.OnProvidersExecuting(ActionInvokerProviderContext context)
   at Microsoft.AspNetCore.Mvc.Infrastructure.ActionInvokerFactory.CreateInvoker(ActionContext actionContext)
   at Microsoft.AspNetCore.Mvc.Routing.ActionEndpointFactory.<>c__DisplayClass7_0.<CreateRequestDelegate>b__0(HttpContext context)
   at Microsoft.AspNetCore.Routing.EndpointMiddleware.Invoke(HttpContext httpContext)
--- End of stack trace from previous location where exception was thrown ---
   at Microsoft.AspNetCore.Authorization.AuthorizationMiddleware.Invoke(HttpContext context)
   at Swashbuckle.AspNetCore.SwaggerUI.SwaggerUIMiddleware.Invoke(HttpContext httpContext)
   at Swashbuckle.AspNetCore.Swagger.SwaggerMiddleware.Invoke(HttpContext httpContext, ISwaggerProvider swaggerProvider)
   at Microsoft.AspNetCore.Diagnostics.DeveloperExceptionPageMiddleware.Invoke(HttpContext context)
INFO  09:26:43 Application started. Press Ctrl+C to shut down.
INFO  09:26:43 Application started. Press Ctrl+C to shut down.
INFO  09:26:43 Hosting environment: Development
INFO  09:26:43 Hosting environment: Development
INFO  09:26:43 Content root path: C:\Users\Saurav\source\repos\claimmicroservice\claimmicroservice
INFO  09:26:43 Content root path: C:\Users\Saurav\source\repos\claimmicroservice\claimmicroservice
ERROR 09:26:57 An unhandled exception has occurred while executing the request.
System.InvalidOperationException: Multiple constructors accepting all given argument types have been found in type 'claimmicroservice.Controllers.claimController'. There should only be one applicable constructor.
   at Microsoft.Extensions.DependencyInjection.ActivatorUtilities.TryFindMatchingConstructor(Type instanceType, Type[] argumentTypes, ConstructorInfo& matchingConstructor, Nullable`1[]& parameterMap)
   at Microsoft.Extensions.DependencyInjection.ActivatorUtilities.FindApplicableConstructor(Type instanceType, Type[] argumentTypes, ConstructorInfo& matchingConstructor, Nullable`1[]& parameterMap)
   at Microsoft.Extensions.DependencyInjection.ActivatorUtilities.CreateFactory(Type instanceType, Type[] argumentTypes)
   at Microsoft.AspNetCore.Mvc.Controllers.ControllerActivatorProvider.CreateActivator(ControllerActionDescriptor descriptor)
   at Microsoft.AspNetCore.Mvc.Controllers.ControllerFactoryProvider.CreateControllerFactory(ControllerActionDescriptor descriptor)
   at Microsoft.AspNetCore.Mvc.Infrastructure.ControllerActionInvokerCache.GetCachedResult(ControllerContext controllerContext)
   at Microsoft.AspNetCore.Mvc.Infrastructure.ControllerActionInvokerProvider.OnProvidersExecuting(ActionInvokerProviderContext context)
   at Microsoft.AspNetCore.Mvc.Infrastructure.ActionInvokerFactory.CreateInvoker(ActionContext actionContext)
   at Microsoft.AspNetCore.Mvc.Routing.ActionEndpointFactory.<>c__DisplayClass7_0.<CreateRequestDelegate>b__0(HttpContext context)
   at Microsoft.AspNetCore.Routing.EndpointMiddleware.Invoke(HttpContext httpContext)
--- End of stack trace from previous location where exception was thrown ---
   at Microsoft.AspNetCore.Authorization.AuthorizationMiddleware.Invoke(HttpContext context)
   at Swashbuckle.AspNetCore.SwaggerUI.SwaggerUIMiddleware.Invoke(HttpContext httpContext)
   at Swashbuckle.AspNetCore.Swagger.SwaggerMiddleware.Invoke(HttpContext httpContext, ISwaggerProvider swaggerProvider)
   at Microsoft.AspNetCore.Diagnostics.DeveloperExceptionPageMiddleware.Invoke(HttpContext context)
ERROR 09:26:57 An unhandled exception has occurred while executing the request.
System.InvalidOperationException: Multiple constructors accepting all given argument types have been found in type 'claimmicroservice.Controllers.claimController'. There should only be one applicable constructor.
   at Microsoft.Extensions.DependencyInjection.ActivatorUtilities.TryFindMatchingConstructor(Type instanceType, Type[] argumentTypes, ConstructorInfo& matchingConstructor, Nullable`1[]& parameterMap)
   at Microsoft.Extensions.DependencyInjection.ActivatorUtilities.FindApplicableConstructor(Type instanceType, Type[] argumentTypes, ConstructorInfo& matchingConstructor, Nullable`1[]& parameterMap)
   at Microsoft.Extensions.DependencyInjection.ActivatorUtilities.CreateFactory(Type instanceType, Type[] argumentTypes)
   at Microsoft.AspNetCore.Mvc.Controllers.ControllerActivatorProvider.CreateActivator(ControllerActionDescriptor descriptor)
   at Microsoft.AspNetCore.Mvc.Controllers.ControllerFactoryProvider.CreateControllerFactory(ControllerActionDescriptor descriptor)
   at Microsoft.AspNetCore.Mvc.Infrastructure.ControllerActionInvokerCache.GetCachedResult(ControllerContext controllerContext)
   at Microsoft.AspNetCore.Mvc.Infrastructure.ControllerActionInvokerProvider.OnProvidersExecuting(ActionInvokerProviderContext context)
   at Microsoft.AspNetCore.Mvc.Infrastructure.ActionInvokerFactory.CreateInvoker(ActionContext actionContext)
   at Microsoft.AspNetCore.Mvc.Routing.ActionEndpointFactory.<>c__DisplayClass7_0.<CreateRequestDelegate>b__0(HttpContext context)
   at Microsoft.AspNetCore.Routing.EndpointMiddleware.Invoke(HttpContext httpContext)
--- End of stack trace from previous location where exception was thrown ---
   at Microsoft.AspNetCore.Authorization.AuthorizationMiddleware.Invoke(HttpContext context)
   at Swashbuckle.AspNetCore.SwaggerUI.SwaggerUIMiddleware.Invoke(HttpContext httpContext)
   at Swashbuckle.AspNetCore.Swagger.SwaggerMiddleware.Invoke(HttpContext httpContext, ISwaggerProvider swaggerProvider)
   at Microsoft.AspNetCore.Diagnostics.DeveloperExceptionPageMiddleware.Invoke(HttpContext context)
INFO  09:29:12 Application started. Press Ctrl+C to shut down.
INFO  09:29:12 Application started. Press Ctrl+C to shut down.
INFO  09:29:12 Hosting environment: Development
INFO  09:29:12 Hosting environment: Development
INFO  09:29:12 Content root path: C:\Users\Saurav\source\repos\claimmicroservice\claimmicroservice
INFO  09:29:12 Content root path: C:\Users\Saurav\source\repos\claimmicroservice\claimmicroservice
INFO  09:29:20 claimController get called
INFO  09:29:48 claimController get called
INFO  09:30:08 claimController getbyId called
INFO  09:31:02 claimController postmethod called
INFO  09:31:20 claimController get called
INFO  09:31:42 claimController getbyId called
INFO  06:58:40 Application started. Press Ctrl+C to shut down.
INFO  06:58:40 Application started. Press Ctrl+C to shut down.
INFO  06:58:40 Hosting environment: Development
INFO  06:58:40 Hosting environment: Development
INFO  06:58:40 Content root path: C:\Users\Saurav\source\repos\claimmicroservice\claimmicroservice
INFO  06:58:40 Content root path: C:\Users\Saurav\source\repos\claimmicroservice\claimmicroservice
INFO  07:20:55 claimController put called
INFO  07:22:56 claimController get called
INFO  07:23:12 claimController put called
INFO  07:23:17 claimController get called
INFO  07:24:03 claimController put called
INFO  07:24:15 claimController get called
INFO  07:25:15 claimController put called
INFO  07:25:23 claimController get called
INFO  07:27:21 claimController get called
INFO  07:27:35 claimController get called
INFO  07:27:49 claimController get called
INFO  07:28:25 claimController getbyId called
INFO  07:28:31 claimController get called
INFO  07:29:19 claimController put called
INFO  07:29:39 claimController get called
INFO  07:30:04 claimController get called
INFO  07:30:55 claimController postmethod called
INFO  07:31:05 claimController get called
INFO  07:32:30 claimController put called
INFO  07:33:13 claimController get called
INFO  07:33:47 claimController put called
INFO  07:33:56 claimController get called
INFO  07:34:11 claimController get called
INFO  07:35:02 claimController get called
INFO  07:35:18 claimController get called
INFO  07:35:26 claimController put called
INFO  07:36:09 claimController get called
INFO  07:40:28 Application started. Press Ctrl+C to shut down.
INFO  07:40:29 Application started. Press Ctrl+C to shut down.
INFO  07:40:29 Hosting environment: Development
INFO  07:40:29 Hosting environment: Development
INFO  07:40:29 Content root path: C:\Users\Saurav\source\repos\claimmicroservice\claimmicroservice
INFO  07:40:29 Content root path: C:\Users\Saurav\source\repos\claimmicroservice\claimmicroservice
INFO  07:45:54 Application started. Press Ctrl+C to shut down.
INFO  07:45:54 Application started. Press Ctrl+C to shut down.
INFO  07:45:54 Hosting environment: Development
INFO  07:45:54 Hosting environment: Development
INFO  07:45:54 Content root path: C:\Users\Saurav\source\repos\claimmicroservice\claimmicroservice
INFO  07:45:54 Content root path: C:\Users\Saurav\source\repos\claimmicroservice\claimmicroservice
INFO  07:46:19 claimController get called
INFO  07:48:53 claimController put called
INFO  07:49:20 claimController get called
INFO  07:51:54 claimController postmethod called
INFO  07:52:27 claimController get called
INFO  07:56:10 claimController put called
INFO  07:56:24 claimController get called
INFO  07:57:10 claimController get called
INFO  07:59:21 claimController put called
INFO  07:59:45 claimController get called
INFO  08:01:32 claimController postmethod called
INFO  08:01:51 claimController get called
INFO  08:04:16 claimController put called
INFO  08:05:35 claimController put called
INFO  08:09:59 Application started. Press Ctrl+C to shut down.
INFO  08:09:59 Application started. Press Ctrl+C to shut down.
INFO  08:09:59 Hosting environment: Development
INFO  08:09:59 Hosting environment: Development
INFO  08:09:59 Content root path: C:\Users\Saurav\source\repos\claimmicroservice\claimmicroservice
INFO  08:09:59 Content root path: C:\Users\Saurav\source\repos\claimmicroservice\claimmicroservice
INFO  08:10:52 claimController get called
INFO  08:12:12 claimController put called
INFO  08:12:35 claimController get called
INFO  08:14:59 claimController postmethod called
INFO  08:15:33 claimController postmethod called
INFO  08:15:52 claimController get called
INFO  08:18:02 claimController put called
INFO  08:21:46 Application started. Press Ctrl+C to shut down.
INFO  08:21:46 Application started. Press Ctrl+C to shut down.
INFO  08:21:46 Hosting environment: Development
INFO  08:21:46 Hosting environment: Development
INFO  08:21:46 Content root path: C:\Users\Saurav\source\repos\claimmicroservice\claimmicroservice
INFO  08:21:46 Content root path: C:\Users\Saurav\source\repos\claimmicroservice\claimmicroservice
INFO  08:22:45 claimController get called
INFO  08:24:27 claimController put called
INFO  08:24:50 claimController get called
INFO  08:26:40 claimController postmethod called
INFO  08:26:56 claimController get called
INFO  08:28:18 claimController put called
INFO  08:28:38 claimController get called
INFO  08:31:09 claimController postmethod called
INFO  08:31:22 claimController get called
INFO  08:32:29 claimController put called
INFO  09:21:13 Application started. Press Ctrl+C to shut down.
INFO  09:21:13 Application started. Press Ctrl+C to shut down.
INFO  09:21:13 Hosting environment: Development
INFO  09:21:13 Hosting environment: Development
INFO  09:21:13 Content root path: C:\Users\Saurav\source\repos\claimmicroservice\claimmicroservice
INFO  09:21:13 Content root path: C:\Users\Saurav\source\repos\claimmicroservice\claimmicroservice
INFO  09:22:37 claimController get called
INFO  09:27:14 claimController postmethod called
INFO  09:27:21 claimController get called
INFO  09:28:47 claimController put called
INFO  09:29:01 claimController get called
INFO  09:29:50 claimController postmethod called
INFO  09:29:55 claimController get called
INFO  09:30:43 claimController put called
INFO  09:32:07 claimController get called
INFO  10:34:19 Application started. Press Ctrl+C to shut down.
INFO  10:34:19 Application started. Press Ctrl+C to shut down.
INFO  10:34:19 Hosting environment: Development
INFO  10:34:19 Hosting environment: Development
INFO  10:34:19 Content root path: C:\Users\Saurav\source\repos\claimmicroservice\claimmicroservice
INFO  10:34:19 Content root path: C:\Users\Saurav\source\repos\claimmicroservice\claimmicroservice
INFO  10:35:10 claimController get called
INFO  10:36:48 claimController postmethod called
INFO  10:37:19 claimController get called
INFO  10:38:40 claimController put called
INFO  10:40:12 claimController get called
INFO  10:42:01 claimController postmethod called
INFO  10:42:07 claimController get called
INFO  10:42:49 claimController put called
